<?xml version="1.0" encoding="UTF-8"?>
<!-- Generated by org.testng.reporters.JUnitReportReporter -->
<testsuite hostname="GGKU5DELL1216" failures="0" tests="1" name="Hybrid.Framework.AppTest" time="0.008" errors="0" timestamp="2019-11-06T14:31:28 IST" skipped="0">
  <testcase classname="Hybrid.Framework.AppTest" name="testApp" time="0.008"/>
</testsuite> <!-- Hybrid.Framework.AppTest -->
