<?xml version="1.0" encoding="UTF-8"?>
<!-- Generated by org.testng.reporters.JUnitReportReporter -->
<testsuite hostname="GGKU5DELL1216" failures="0" tests="2" name="testNg.NewTest" time="0.006" errors="0" timestamp="2019-11-06T13:21:05 IST" skipped="0">
  <testcase classname="testNg.NewTest" name="f" time="0.005"/>
  <testcase classname="testNg.NewTest" name="f" time="0.001"/>
</testsuite> <!-- testNg.NewTest -->
